<?xml version="1.0" encoding="UTF-8"?>
<!-- Generated by org.testng.reporters.JUnitReportReporter -->
<testsuite skipped="0" hostname="KRISHNA" name="seleniumPack.TestMultipleSessions" tests="3" failures="0" timestamp="23 Jun 2019 07:36:46 GMT" time="121.826" errors="0">
  <testcase name="executSessionThree" time="40.399" classname="seleniumPack.TestMultipleSessions"/>
  <testcase name="executeSessionTwo" time="40.030" classname="seleniumPack.TestMultipleSessions"/>
  <testcase name="executSessionOne" time="41.397" classname="seleniumPack.TestMultipleSessions"/>
</testsuite> <!-- seleniumPack.TestMultipleSessions -->
